c:\users\nicho\source\repos\fantasy_game\fantasy_game\x64\debug\vc143.pdb
c:\users\nicho\source\repos\fantasy_game\fantasy_game\x64\debug\vc143.idb
c:\users\nicho\source\repos\fantasy_game\fantasy_game\x64\debug\source.obj
c:\users\nicho\source\repos\fantasy_game\fantasy_game\x64\debug\screen.obj
c:\users\nicho\source\repos\fantasy_game\fantasy_game\x64\debug\field.obj
c:\users\nicho\source\repos\fantasy_game\fantasy_game\x64\debug\engine.obj
c:\users\nicho\source\repos\fantasy_game\fantasy_game\x64\debug\game.obj
c:\users\nicho\source\repos\fantasy_game\fantasy_game\x64\debug\controller.obj
c:\users\nicho\source\repos\fantasy_game\fantasy_game\x64\debug\terrain.obj
c:\users\nicho\source\repos\fantasy_game\fantasy_game\x64\debug\sprite.obj
c:\users\nicho\source\repos\fantasy_game\fantasy_game\x64\debug\magic.obj
c:\users\nicho\source\repos\fantasy_game\fantasy_game\x64\debug\object.obj
c:\users\nicho\source\repos\fantasy_game\fantasy_game\x64\debug\menu.obj
c:\users\nicho\source\repos\fantasy_game\fantasy_game\x64\debug\item.obj
c:\users\nicho\source\repos\fantasy_game\fantasy_game\x64\debug\entity.obj
c:\users\nicho\source\repos\fantasy_game\fantasy_game\x64\debug\shop.obj
c:\users\nicho\source\repos\fantasy_game\fantasy_game\x64\debug\hashtable.obj
c:\users\nicho\source\repos\fantasy_game\fantasy_game\x64\debug\cartridge.obj
c:\users\nicho\source\repos\fantasy_game\fantasy_game\x64\debug\map.obj
c:\users\nicho\source\repos\fantasy_game\fantasy_game\x64\debug\home.obj
c:\users\nicho\source\repos\fantasy_game\fantasy_game\x64\debug\player.obj
c:\users\nicho\source\repos\fantasy_game\fantasy_game\x64\debug\squaregrid.obj
c:\users\nicho\source\repos\fantasy_game\x64\debug\fantasy_game.exe
c:\users\nicho\source\repos\fantasy_game\fantasy_game\x64\debug\fantasy_game.ilk
c:\users\nicho\source\repos\fantasy_game\x64\debug\fantasy_game.pdb
c:\users\nicho\source\repos\fantasy_game\fantasy_game\x64\debug\cartridge.new.obj.enc
c:\users\nicho\source\repos\fantasy_game\fantasy_game\x64\debug\controller.new.obj.enc
c:\users\nicho\source\repos\fantasy_game\fantasy_game\x64\debug\engine.new.obj.enc
c:\users\nicho\source\repos\fantasy_game\fantasy_game\x64\debug\game.new.obj.enc
c:\users\nicho\source\repos\fantasy_game\fantasy_game\x64\debug\source.new.obj.enc
c:\users\nicho\source\repos\fantasy_game\fantasy_game\x64\debug\fantasy_game.tlog\cl.command.1.tlog
c:\users\nicho\source\repos\fantasy_game\fantasy_game\x64\debug\fantasy_game.tlog\cl.read.1.tlog
c:\users\nicho\source\repos\fantasy_game\fantasy_game\x64\debug\fantasy_game.tlog\cl.write.1.tlog
c:\users\nicho\source\repos\fantasy_game\fantasy_game\x64\debug\fantasy_game.tlog\link-cvtres.read.1.tlog
c:\users\nicho\source\repos\fantasy_game\fantasy_game\x64\debug\fantasy_game.tlog\link-cvtres.write.1.tlog
c:\users\nicho\source\repos\fantasy_game\fantasy_game\x64\debug\fantasy_game.tlog\link-rc.read.1.tlog
c:\users\nicho\source\repos\fantasy_game\fantasy_game\x64\debug\fantasy_game.tlog\link-rc.write.1.tlog
c:\users\nicho\source\repos\fantasy_game\fantasy_game\x64\debug\fantasy_game.tlog\link.13480-cvtres.read.1.tlog
c:\users\nicho\source\repos\fantasy_game\fantasy_game\x64\debug\fantasy_game.tlog\link.13480-cvtres.write.1.tlog
c:\users\nicho\source\repos\fantasy_game\fantasy_game\x64\debug\fantasy_game.tlog\link.13480-rc.read.1.tlog
c:\users\nicho\source\repos\fantasy_game\fantasy_game\x64\debug\fantasy_game.tlog\link.13480-rc.write.1.tlog
c:\users\nicho\source\repos\fantasy_game\fantasy_game\x64\debug\fantasy_game.tlog\link.13480.read.1.tlog
c:\users\nicho\source\repos\fantasy_game\fantasy_game\x64\debug\fantasy_game.tlog\link.13480.read.2.tlog
c:\users\nicho\source\repos\fantasy_game\fantasy_game\x64\debug\fantasy_game.tlog\link.13480.write.1.tlog
c:\users\nicho\source\repos\fantasy_game\fantasy_game\x64\debug\fantasy_game.tlog\link.command.1.tlog
c:\users\nicho\source\repos\fantasy_game\fantasy_game\x64\debug\fantasy_game.tlog\link.read.1.tlog
c:\users\nicho\source\repos\fantasy_game\fantasy_game\x64\debug\fantasy_game.tlog\link.read.2.tlog
c:\users\nicho\source\repos\fantasy_game\fantasy_game\x64\debug\fantasy_game.tlog\link.write.1.tlog
